2025-10-17 21:17:10,482 - INFO - 脚本启动
2025-10-17 21:17:10,482 - INFO - 目标报告目录已创建: market_reports/202510
2025-10-17 21:17:10,482 - INFO - 正在加载沪深300指数数据 index_data/000300.csv...
2025-10-17 21:17:10,489 - INFO - 成功加载沪深300指数数据，记录数: 3407
2025-10-17 21:17:10,489 - INFO - 开始获取基金数据...
2025-10-17 21:17:10,489 - INFO - 正在解析 recommended_cn_funds.csv 获取推荐基金代码...
2025-10-17 21:17:10,588 - INFO - 提取到 10 个基金代码: ['000017', '000270', '000354', '000390', '000404', '000411', '000457', '000531', '000534', '000541']
2025-10-17 21:17:10,589 - INFO - 当前北京时间: 2025-10-18 05:17:10, 期望最新数据日期: 2025-10-17
2025-10-17 21:17:10,589 - DEBUG - 处理基金 000017...
2025-10-17 21:17:10,591 - INFO - 成功读取本地数据 fund_data/000017.csv，记录数: 3036
2025-10-17 21:17:10,592 - DEBUG - 处理基金 000270...
2025-10-17 21:17:10,594 - INFO - 成功读取本地数据 fund_data/000270.csv，记录数: 2905
2025-10-17 21:17:10,595 - DEBUG - 处理基金 000354...
2025-10-17 21:17:10,597 - INFO - 成功读取本地数据 fund_data/000354.csv，记录数: 2868
2025-10-17 21:17:10,597 - DEBUG - 处理基金 000390...
2025-10-17 21:17:10,600 - INFO - 成功读取本地数据 fund_data/000390.csv，记录数: 2875
2025-10-17 21:17:10,600 - DEBUG - 处理基金 000404...
2025-10-17 21:17:10,603 - INFO - 成功读取本地数据 fund_data/000404.csv，记录数: 2892
2025-10-17 21:17:10,603 - DEBUG - 处理基金 000411...
2025-10-17 21:17:10,605 - INFO - 成功读取本地数据 fund_data/000411.csv，记录数: 2866
2025-10-17 21:17:10,606 - DEBUG - 处理基金 000457...
2025-10-17 21:17:10,608 - INFO - 成功读取本地数据 fund_data/000457.csv，记录数: 2817
2025-10-17 21:17:10,608 - DEBUG - 处理基金 000531...
2025-10-17 21:17:10,611 - INFO - 成功读取本地数据 fund_data/000531.csv，记录数: 2780
2025-10-17 21:17:10,611 - DEBUG - 处理基金 000534...
2025-10-17 21:17:10,613 - INFO - 成功读取本地数据 fund_data/000534.csv，记录数: 2797
2025-10-17 21:17:10,614 - DEBUG - 处理基金 000541...
2025-10-17 21:17:10,616 - INFO - 成功读取本地数据 fund_data/000541.csv，记录数: 2801
2025-10-17 21:17:10,616 - INFO - 需从网络获取数据的基金数: 10
2025-10-17 21:17:10,626 - INFO - 开始获取基金 000017 数据...
2025-10-17 21:17:10,627 - INFO - 开始获取基金 000270 数据...
2025-10-17 21:17:10,628 - INFO - 开始获取基金 000354 数据...
2025-10-17 21:17:10,632 - INFO - 成功读取本地数据 fund_data/000270.csv，记录数: 2905
2025-10-17 21:17:10,634 - INFO - 成功读取本地数据 fund_data/000354.csv，记录数: 2868
2025-10-17 21:17:10,635 - INFO - 当前北京时间: 2025-10-18 05:17:10, 期望最新数据日期: 2025-10-17
2025-10-17 21:17:10,636 - INFO - 成功读取本地数据 fund_data/000017.csv，记录数: 3036
2025-10-17 21:17:10,636 - INFO - 当前北京时间: 2025-10-18 05:17:10, 期望最新数据日期: 2025-10-17
2025-10-17 21:17:10,637 - DEBUG - 请求URL: http://fundf10.eastmoney.com/F10DataApi.aspx?type=lsjz&code=000270&page=1&per=20
2025-10-17 21:17:10,637 - INFO - 当前北京时间: 2025-10-18 05:17:10, 期望最新数据日期: 2025-10-17
2025-10-17 21:17:10,637 - DEBUG - 请求URL: http://fundf10.eastmoney.com/F10DataApi.aspx?type=lsjz&code=000354&page=1&per=20
2025-10-17 21:17:10,638 - DEBUG - 请求URL: http://fundf10.eastmoney.com/F10DataApi.aspx?type=lsjz&code=000017&page=1&per=20
2025-10-17 21:17:10,639 - DEBUG - Starting new HTTP connection (1): fundf10.eastmoney.com:80
2025-10-17 21:17:10,640 - DEBUG - Starting new HTTP connection (1): fundf10.eastmoney.com:80
2025-10-17 21:17:10,641 - DEBUG - Starting new HTTP connection (1): fundf10.eastmoney.com:80
2025-10-17 21:17:11,496 - DEBUG - http://fundf10.eastmoney.com:80 "GET /F10DataApi.aspx?type=lsjz&code=000017&page=1&per=20 HTTP/1.1" 200 4266
2025-10-17 21:17:11,497 - DEBUG - 基金 000017 页面 1 HTTP状态码: 200
2025-10-17 21:17:11,497 - DEBUG - 基金 000017 页面 1 响应内容摘要: var apidata={ content:"<table class='w782 comm lsjz'><thead><tr><th class='first'>净值日期</th><th>单位净值</th><th>累计净值</th><th>日增长率</th><th>申购状态</th><th>赎回状态</th><th class='tor last'>分红送配</th></tr></thead><
2025-10-17 21:17:11,508 - DEBUG - 基金 000017 页面 1 解析到 1 张表格
2025-10-17 21:17:11,511 - INFO - 基金 000017 页面 1 获取到 4 条新数据
2025-10-17 21:17:11,512 - INFO - 基金 000017 数据已满足要求，记录数: 3040，停止获取，页面: 1
2025-10-17 21:17:11,519 - INFO - 基金 000017 数据已成功保存到本地文件，记录数: 3040
2025-10-17 21:17:11,519 - INFO - 基金 000017 数据更新完成，记录数: 3040
2025-10-17 21:17:11,520 - INFO - 开始获取基金 000390 数据...
2025-10-17 21:17:11,520 - INFO - 开始计算基金 000017 的技术指标...
2025-10-17 21:17:11,527 - INFO - 基金 000017 沪深300趋势: 震荡
2025-10-17 21:17:11,528 - INFO - 成功读取本地数据 fund_data/000390.csv，记录数: 2875
2025-10-17 21:17:11,529 - INFO - 基金 000017 技术指标计算完成: 行动信号=弱买入, 投资建议=可分批买入
2025-10-17 21:17:11,529 - INFO - 当前北京时间: 2025-10-18 05:17:11, 期望最新数据日期: 2025-10-17
2025-10-17 21:17:11,529 - INFO - 基金 000017 数据处理完成
2025-10-17 21:17:11,529 - DEBUG - 请求URL: http://fundf10.eastmoney.com/F10DataApi.aspx?type=lsjz&code=000390&page=1&per=20
2025-10-17 21:17:11,530 - DEBUG - Starting new HTTP connection (1): fundf10.eastmoney.com:80
2025-10-17 21:17:11,565 - DEBUG - http://fundf10.eastmoney.com:80 "GET /F10DataApi.aspx?type=lsjz&code=000270&page=1&per=20 HTTP/1.1" 200 4386
2025-10-17 21:17:11,566 - DEBUG - 基金 000270 页面 1 HTTP状态码: 200
2025-10-17 21:17:11,566 - DEBUG - 基金 000270 页面 1 响应内容摘要: var apidata={ content:"<table class='w782 comm lsjz'><thead><tr><th class='first'>净值日期</th><th>单位净值</th><th>累计净值</th><th>日增长率</th><th>申购状态</th><th>赎回状态</th><th class='tor last'>分红送配</th></tr></thead><
2025-10-17 21:17:11,570 - DEBUG - 基金 000270 页面 1 解析到 1 张表格
2025-10-17 21:17:11,572 - INFO - 基金 000270 页面 1 获取到 4 条新数据
2025-10-17 21:17:11,573 - INFO - 基金 000270 数据已满足要求，记录数: 2909，停止获取，页面: 1
2025-10-17 21:17:11,579 - INFO - 基金 000270 数据已成功保存到本地文件，记录数: 2909
2025-10-17 21:17:11,579 - INFO - 基金 000270 数据更新完成，记录数: 2909
2025-10-17 21:17:11,580 - INFO - 开始获取基金 000404 数据...
2025-10-17 21:17:11,581 - INFO - 开始计算基金 000270 的技术指标...
2025-10-17 21:17:11,586 - INFO - 基金 000270 沪深300趋势: 震荡
2025-10-17 21:17:11,586 - INFO - 基金 000270 技术指标计算完成: 行动信号=弱买入, 投资建议=等待回调
2025-10-17 21:17:11,586 - INFO - 基金 000270 数据处理完成
2025-10-17 21:17:11,589 - INFO - 成功读取本地数据 fund_data/000404.csv，记录数: 2892
2025-10-17 21:17:11,589 - INFO - 当前北京时间: 2025-10-18 05:17:11, 期望最新数据日期: 2025-10-17
2025-10-17 21:17:11,589 - DEBUG - 请求URL: http://fundf10.eastmoney.com/F10DataApi.aspx?type=lsjz&code=000404&page=1&per=20
2025-10-17 21:17:11,590 - DEBUG - Starting new HTTP connection (1): fundf10.eastmoney.com:80
2025-10-17 21:17:11,591 - DEBUG - http://fundf10.eastmoney.com:80 "GET /F10DataApi.aspx?type=lsjz&code=000354&page=1&per=20 HTTP/1.1" 200 4266
2025-10-17 21:17:11,592 - DEBUG - 基金 000354 页面 1 HTTP状态码: 200
2025-10-17 21:17:11,592 - DEBUG - 基金 000354 页面 1 响应内容摘要: var apidata={ content:"<table class='w782 comm lsjz'><thead><tr><th class='first'>净值日期</th><th>单位净值</th><th>累计净值</th><th>日增长率</th><th>申购状态</th><th>赎回状态</th><th class='tor last'>分红送配</th></tr></thead><
2025-10-17 21:17:11,595 - DEBUG - 基金 000354 页面 1 解析到 1 张表格
2025-10-17 21:17:11,597 - INFO - 基金 000354 页面 1 获取到 4 条新数据
2025-10-17 21:17:11,598 - INFO - 基金 000354 数据已满足要求，记录数: 2872，停止获取，页面: 1
2025-10-17 21:17:11,603 - INFO - 基金 000354 数据已成功保存到本地文件，记录数: 2872
2025-10-17 21:17:11,604 - INFO - 基金 000354 数据更新完成，记录数: 2872
2025-10-17 21:17:11,604 - INFO - 开始获取基金 000411 数据...
2025-10-17 21:17:11,605 - INFO - 开始计算基金 000354 的技术指标...
2025-10-17 21:17:11,611 - INFO - 基金 000354 沪深300趋势: 震荡
2025-10-17 21:17:11,611 - INFO - 基金 000354 技术指标计算完成: 行动信号=弱买入, 投资建议=可分批买入
2025-10-17 21:17:11,611 - INFO - 基金 000354 数据处理完成
2025-10-17 21:17:11,613 - INFO - 成功读取本地数据 fund_data/000411.csv，记录数: 2866
2025-10-17 21:17:11,613 - INFO - 当前北京时间: 2025-10-18 05:17:11, 期望最新数据日期: 2025-10-17
2025-10-17 21:17:11,614 - DEBUG - 请求URL: http://fundf10.eastmoney.com/F10DataApi.aspx?type=lsjz&code=000411&page=1&per=20
2025-10-17 21:17:11,614 - DEBUG - Starting new HTTP connection (1): fundf10.eastmoney.com:80
2025-10-17 21:17:11,999 - DEBUG - http://fundf10.eastmoney.com:80 "GET /F10DataApi.aspx?type=lsjz&code=000390&page=1&per=20 HTTP/1.1" 200 4265
2025-10-17 21:17:12,000 - DEBUG - 基金 000390 页面 1 HTTP状态码: 200
2025-10-17 21:17:12,000 - DEBUG - 基金 000390 页面 1 响应内容摘要: var apidata={ content:"<table class='w782 comm lsjz'><thead><tr><th class='first'>净值日期</th><th>单位净值</th><th>累计净值</th><th>日增长率</th><th>申购状态</th><th>赎回状态</th><th class='tor last'>分红送配</th></tr></thead><
2025-10-17 21:17:12,003 - DEBUG - 基金 000390 页面 1 解析到 1 张表格
2025-10-17 21:17:12,006 - INFO - 基金 000390 页面 1 获取到 4 条新数据
2025-10-17 21:17:12,007 - INFO - 基金 000390 数据已满足要求，记录数: 2879，停止获取，页面: 1
2025-10-17 21:17:12,013 - INFO - 基金 000390 数据已成功保存到本地文件，记录数: 2879
2025-10-17 21:17:12,014 - INFO - 基金 000390 数据更新完成，记录数: 2879
2025-10-17 21:17:12,015 - INFO - 开始获取基金 000457 数据...
2025-10-17 21:17:12,015 - INFO - 开始计算基金 000390 的技术指标...
2025-10-17 21:17:12,022 - INFO - 基金 000390 沪深300趋势: 震荡
2025-10-17 21:17:12,025 - INFO - 成功读取本地数据 fund_data/000457.csv，记录数: 2817
2025-10-17 21:17:12,025 - INFO - 基金 000390 技术指标计算完成: 行动信号=弱买入, 投资建议=可分批买入
2025-10-17 21:17:12,025 - INFO - 当前北京时间: 2025-10-18 05:17:12, 期望最新数据日期: 2025-10-17
2025-10-17 21:17:12,026 - INFO - 基金 000390 数据处理完成
2025-10-17 21:17:12,026 - DEBUG - 请求URL: http://fundf10.eastmoney.com/F10DataApi.aspx?type=lsjz&code=000457&page=1&per=20
2025-10-17 21:17:12,027 - DEBUG - Starting new HTTP connection (1): fundf10.eastmoney.com:80
2025-10-17 21:17:12,132 - DEBUG - http://fundf10.eastmoney.com:80 "GET /F10DataApi.aspx?type=lsjz&code=000404&page=1&per=20 HTTP/1.1" 200 4261
2025-10-17 21:17:12,133 - DEBUG - 基金 000404 页面 1 HTTP状态码: 200
2025-10-17 21:17:12,133 - DEBUG - 基金 000404 页面 1 响应内容摘要: var apidata={ content:"<table class='w782 comm lsjz'><thead><tr><th class='first'>净值日期</th><th>单位净值</th><th>累计净值</th><th>日增长率</th><th>申购状态</th><th>赎回状态</th><th class='tor last'>分红送配</th></tr></thead><
2025-10-17 21:17:12,136 - DEBUG - 基金 000404 页面 1 解析到 1 张表格
2025-10-17 21:17:12,139 - INFO - 基金 000404 页面 1 获取到 4 条新数据
2025-10-17 21:17:12,140 - INFO - 基金 000404 数据已满足要求，记录数: 2896，停止获取，页面: 1
2025-10-17 21:17:12,146 - INFO - 基金 000404 数据已成功保存到本地文件，记录数: 2896
2025-10-17 21:17:12,146 - INFO - 基金 000404 数据更新完成，记录数: 2896
2025-10-17 21:17:12,147 - INFO - 开始获取基金 000531 数据...
2025-10-17 21:17:12,147 - INFO - 开始计算基金 000404 的技术指标...
2025-10-17 21:17:12,155 - DEBUG - http://fundf10.eastmoney.com:80 "GET /F10DataApi.aspx?type=lsjz&code=000411&page=1&per=20 HTTP/1.1" 200 4266
2025-10-17 21:17:12,155 - INFO - 基金 000404 沪深300趋势: 震荡
2025-10-17 21:17:12,157 - INFO - 成功读取本地数据 fund_data/000531.csv，记录数: 2780
2025-10-17 21:17:12,158 - DEBUG - 基金 000411 页面 1 HTTP状态码: 200
2025-10-17 21:17:12,158 - INFO - 基金 000404 技术指标计算完成: 行动信号=弱买入, 投资建议=观察
2025-10-17 21:17:12,158 - DEBUG - 基金 000411 页面 1 响应内容摘要: var apidata={ content:"<table class='w782 comm lsjz'><thead><tr><th class='first'>净值日期</th><th>单位净值</th><th>累计净值</th><th>日增长率</th><th>申购状态</th><th>赎回状态</th><th class='tor last'>分红送配</th></tr></thead><
2025-10-17 21:17:12,158 - INFO - 当前北京时间: 2025-10-18 05:17:12, 期望最新数据日期: 2025-10-17
2025-10-17 21:17:12,159 - INFO - 基金 000404 数据处理完成
2025-10-17 21:17:12,159 - DEBUG - 请求URL: http://fundf10.eastmoney.com/F10DataApi.aspx?type=lsjz&code=000531&page=1&per=20
2025-10-17 21:17:12,161 - DEBUG - Starting new HTTP connection (1): fundf10.eastmoney.com:80
2025-10-17 21:17:12,164 - DEBUG - 基金 000411 页面 1 解析到 1 张表格
2025-10-17 21:17:12,166 - INFO - 基金 000411 页面 1 获取到 4 条新数据
2025-10-17 21:17:12,167 - INFO - 基金 000411 数据已满足要求，记录数: 2870，停止获取，页面: 1
2025-10-17 21:17:12,172 - INFO - 基金 000411 数据已成功保存到本地文件，记录数: 2870
2025-10-17 21:17:12,172 - INFO - 基金 000411 数据更新完成，记录数: 2870
2025-10-17 21:17:12,173 - INFO - 开始获取基金 000534 数据...
2025-10-17 21:17:12,174 - INFO - 开始计算基金 000411 的技术指标...
2025-10-17 21:17:12,179 - INFO - 基金 000411 沪深300趋势: 震荡
2025-10-17 21:17:12,180 - INFO - 基金 000411 技术指标计算完成: 行动信号=弱买入, 投资建议=可分批买入
2025-10-17 21:17:12,180 - INFO - 基金 000411 数据处理完成
2025-10-17 21:17:12,182 - INFO - 成功读取本地数据 fund_data/000534.csv，记录数: 2797
2025-10-17 21:17:12,182 - INFO - 当前北京时间: 2025-10-18 05:17:12, 期望最新数据日期: 2025-10-17
2025-10-17 21:17:12,182 - DEBUG - 请求URL: http://fundf10.eastmoney.com/F10DataApi.aspx?type=lsjz&code=000534&page=1&per=20
2025-10-17 21:17:12,183 - DEBUG - Starting new HTTP connection (1): fundf10.eastmoney.com:80
2025-10-17 21:17:12,508 - DEBUG - http://fundf10.eastmoney.com:80 "GET /F10DataApi.aspx?type=lsjz&code=000457&page=1&per=20 HTTP/1.1" 200 4261
2025-10-17 21:17:12,509 - DEBUG - 基金 000457 页面 1 HTTP状态码: 200
2025-10-17 21:17:12,509 - DEBUG - 基金 000457 页面 1 响应内容摘要: var apidata={ content:"<table class='w782 comm lsjz'><thead><tr><th class='first'>净值日期</th><th>单位净值</th><th>累计净值</th><th>日增长率</th><th>申购状态</th><th>赎回状态</th><th class='tor last'>分红送配</th></tr></thead><
2025-10-17 21:17:12,513 - DEBUG - 基金 000457 页面 1 解析到 1 张表格
2025-10-17 21:17:12,515 - INFO - 基金 000457 页面 1 获取到 4 条新数据
2025-10-17 21:17:12,516 - INFO - 基金 000457 数据已满足要求，记录数: 2821，停止获取，页面: 1
2025-10-17 21:17:12,522 - INFO - 基金 000457 数据已成功保存到本地文件，记录数: 2821
2025-10-17 21:17:12,522 - INFO - 基金 000457 数据更新完成，记录数: 2821
2025-10-17 21:17:12,523 - INFO - 开始获取基金 000541 数据...
2025-10-17 21:17:12,523 - INFO - 开始计算基金 000457 的技术指标...
2025-10-17 21:17:12,529 - INFO - 基金 000457 沪深300趋势: 震荡
2025-10-17 21:17:12,530 - INFO - 基金 000457 技术指标计算完成: 行动信号=持有/观察, 投资建议=观察
2025-10-17 21:17:12,530 - INFO - 基金 000457 数据处理完成
2025-10-17 21:17:12,532 - INFO - 成功读取本地数据 fund_data/000541.csv，记录数: 2801
2025-10-17 21:17:12,532 - INFO - 当前北京时间: 2025-10-18 05:17:12, 期望最新数据日期: 2025-10-17
2025-10-17 21:17:12,532 - DEBUG - 请求URL: http://fundf10.eastmoney.com/F10DataApi.aspx?type=lsjz&code=000541&page=1&per=20
2025-10-17 21:17:12,533 - DEBUG - Starting new HTTP connection (1): fundf10.eastmoney.com:80
2025-10-17 21:17:12,684 - DEBUG - http://fundf10.eastmoney.com:80 "GET /F10DataApi.aspx?type=lsjz&code=000531&page=1&per=20 HTTP/1.1" 200 4262
2025-10-17 21:17:12,685 - DEBUG - 基金 000531 页面 1 HTTP状态码: 200
2025-10-17 21:17:12,685 - DEBUG - 基金 000531 页面 1 响应内容摘要: var apidata={ content:"<table class='w782 comm lsjz'><thead><tr><th class='first'>净值日期</th><th>单位净值</th><th>累计净值</th><th>日增长率</th><th>申购状态</th><th>赎回状态</th><th class='tor last'>分红送配</th></tr></thead><
2025-10-17 21:17:12,689 - DEBUG - 基金 000531 页面 1 解析到 1 张表格
2025-10-17 21:17:12,691 - INFO - 基金 000531 页面 1 获取到 4 条新数据
2025-10-17 21:17:12,692 - INFO - 基金 000531 数据已满足要求，记录数: 2784，停止获取，页面: 1
2025-10-17 21:17:12,698 - INFO - 基金 000531 数据已成功保存到本地文件，记录数: 2784
2025-10-17 21:17:12,698 - INFO - 基金 000531 数据更新完成，记录数: 2784
2025-10-17 21:17:12,699 - INFO - 开始计算基金 000531 的技术指标...
2025-10-17 21:17:12,704 - INFO - 基金 000531 沪深300趋势: 震荡
2025-10-17 21:17:12,704 - INFO - 基金 000531 技术指标计算完成: 行动信号=弱买入, 投资建议=观察
2025-10-17 21:17:12,704 - INFO - 基金 000531 数据处理完成
2025-10-17 21:17:12,716 - DEBUG - http://fundf10.eastmoney.com:80 "GET /F10DataApi.aspx?type=lsjz&code=000534&page=1&per=20 HTTP/1.1" 200 4263
2025-10-17 21:17:12,717 - DEBUG - 基金 000534 页面 1 HTTP状态码: 200
2025-10-17 21:17:12,717 - DEBUG - 基金 000534 页面 1 响应内容摘要: var apidata={ content:"<table class='w782 comm lsjz'><thead><tr><th class='first'>净值日期</th><th>单位净值</th><th>累计净值</th><th>日增长率</th><th>申购状态</th><th>赎回状态</th><th class='tor last'>分红送配</th></tr></thead><
2025-10-17 21:17:12,720 - DEBUG - 基金 000534 页面 1 解析到 1 张表格
2025-10-17 21:17:12,722 - INFO - 基金 000534 页面 1 获取到 4 条新数据
2025-10-17 21:17:12,723 - INFO - 基金 000534 数据已满足要求，记录数: 2801，停止获取，页面: 1
2025-10-17 21:17:12,728 - INFO - 基金 000534 数据已成功保存到本地文件，记录数: 2801
2025-10-17 21:17:12,728 - INFO - 基金 000534 数据更新完成，记录数: 2801
2025-10-17 21:17:12,729 - INFO - 开始计算基金 000534 的技术指标...
2025-10-17 21:17:12,734 - INFO - 基金 000534 沪深300趋势: 震荡
2025-10-17 21:17:12,735 - INFO - 基金 000534 技术指标计算完成: 行动信号=弱买入, 投资建议=观察
2025-10-17 21:17:12,735 - INFO - 基金 000534 数据处理完成
2025-10-17 21:17:12,999 - DEBUG - http://fundf10.eastmoney.com:80 "GET /F10DataApi.aspx?type=lsjz&code=000541&page=1&per=20 HTTP/1.1" 200 4263
2025-10-17 21:17:12,999 - DEBUG - 基金 000541 页面 1 HTTP状态码: 200
2025-10-17 21:17:12,999 - DEBUG - 基金 000541 页面 1 响应内容摘要: var apidata={ content:"<table class='w782 comm lsjz'><thead><tr><th class='first'>净值日期</th><th>单位净值</th><th>累计净值</th><th>日增长率</th><th>申购状态</th><th>赎回状态</th><th class='tor last'>分红送配</th></tr></thead><
2025-10-17 21:17:13,003 - DEBUG - 基金 000541 页面 1 解析到 1 张表格
2025-10-17 21:17:13,005 - INFO - 基金 000541 页面 1 获取到 4 条新数据
2025-10-17 21:17:13,006 - INFO - 基金 000541 数据已满足要求，记录数: 2805，停止获取，页面: 1
2025-10-17 21:17:13,012 - INFO - 基金 000541 数据已成功保存到本地文件，记录数: 2805
2025-10-17 21:17:13,012 - INFO - 基金 000541 数据更新完成，记录数: 2805
2025-10-17 21:17:13,013 - INFO - 开始计算基金 000541 的技术指标...
2025-10-17 21:17:13,019 - INFO - 基金 000541 沪深300趋势: 震荡
2025-10-17 21:17:13,019 - INFO - 基金 000541 技术指标计算完成: 行动信号=持有/观察, 投资建议=观察
2025-10-17 21:17:13,019 - INFO - 基金 000541 数据处理完成
2025-10-17 21:17:13,020 - INFO - 正在生成市场监控报告到 market_reports/202510/market_monitor_report_20251018_051710.md...
2025-10-17 21:17:13,029 - INFO - 报告生成完成: market_reports/202510/market_monitor_report_20251018_051710.md
2025-10-17 21:17:13,029 - INFO - 脚本执行完成
